
ROM used: 1762 (5%)
          1762 (5%) including unused fragments

          4 Average locations per line
          14 Average locations per statement

RAM used: 81 (5%) at main() level
          85 (6%) worst case

Lines Stmts  %   Files
----- ----- ---  -----
  161   128 100  C:\Users\User\Documents\Azaa_1\TURSHILT\11hudag3.c
    7     0   0  C:\Users\User\Documents\Azaa_1\TURSHILT\11hudag3.h
  286     0   0  C:\Program Files (x86)\PICC\devices\18F452.h
----- -----
  908   256 Total

Page ROM  %  RAM  Functions:
---- --- --- ---  ----------
0     46   1   1  @delay_ms1
0     90   3   0  RDA_isr
0   1336  38   1  main
0     90   3   5  @DIV1616
0     52   1   3  @DIV88

 Segment   Used  Free
---------  ----  ----
00000-00002     4  0
00004-00006     0  4
00008-00096   144  0
00098-07FFE  1614  31002

