
ROM used: 2548 (8%)
          2548 (8%) including unused fragments

          5 Average locations per line
          13 Average locations per statement

RAM used: 120 (8%) at main() level
          124 (8%) worst case

Lines Stmts  %   Files
----- ----- ---  -----
  229   193 100  C:\Users\User\Documents\Azaa_1\TURSHILT\2hudag.c
    7     0   0  C:\Users\User\Documents\Azaa_1\TURSHILT\2hudag.h
  286     0   0  C:\Program Files (x86)\PICC\devices\18F452.h
----- -----
 1044   386 Total

Page ROM  %  RAM  Functions:
---- --- --- ---  ----------
0     46   1   1  @delay_ms1
0     76   1   0  RDA_isr
0     40   1   0  start_signal
0     72   1   1  check_response
0    234   5   4  Read_Data
0   1790  35   3  main
0     90   2   5  @DIV1616
0     52   1   3  @DIV88

 Segment   Used  Free
---------  ----  ----
00000-00002     4  0
00004-00006     0  4
00008-00096   144  0
00098-07FFE  2400  30216

