
ROM used: 3256 (10%)
          3256 (10%) including unused fragments

          5 Average locations per line
          13 Average locations per statement

RAM used: 120 (8%) at main() level
          124 (8%) worst case

Lines Stmts  %   Files
----- ----- ---  -----
  303   250 100  C:\Users\User\Documents\Azaa_1\TURSHILT\3zeeg.c
    7     0   0  C:\Users\User\Documents\Azaa_1\TURSHILT\3zeeg.h
  286     0   0  C:\Program Files (x86)\PICC\devices\18F452.h
----- -----
 1192   500 Total

Page ROM  %  RAM  Functions:
---- --- --- ---  ----------
0     46   1   1  @delay_ms1
0     96   1   0  RDA_isr
0     42   1   0  @goto10034
0     40   1   0  start_signal
0     72   1   1  check_response
0    234   4   4  Read_Data
0   2436  37   3  main
0     90   1   5  @DIV1616
0     52   1   3  @DIV88

 Segment   Used  Free
---------  ----  ----
00000-00002     4  0
00004-00006     0  4
00008-00096   144  0
00098-07FFE  3108  29508

