
ROM used: 2648 (8%)
          2648 (8%) including unused fragments

          5 Average locations per line
          14 Average locations per statement

RAM used: 81 (5%) at main() level
          85 (6%) worst case

Lines Stmts  %   Files
----- ----- ---  -----
  220   196 100  C:\Users\User\Documents\Azaa_1\TURSHILT\6san1000.c
    7     0   0  C:\Users\User\Documents\Azaa_1\TURSHILT\6san1000.h
  286     0   0  C:\Program Files (x86)\PICC\devices\18F452.h
----- -----
 1026   392 Total

Page ROM  %  RAM  Functions:
---- --- --- ---  ----------
0     46   1   1  @delay_ms1
0     32   1   0  RDA_isr
0   2280  43   1  main
0     90   2   5  @DIV1616
0     52   1   3  @DIV88

 Segment   Used  Free
---------  ----  ----
00000-00002     4  0
00004-00006     0  4
00008-00096   144  0
00098-07FFE  2500  30116

