
ROM used: 2430 (7%)
          2430 (7%) including unused fragments

          5 Average locations per line
          13 Average locations per statement

RAM used: 120 (8%) at main() level
          124 (8%) worst case

Lines Stmts  %   Files
----- ----- ---  -----
  224   186 100  C:\Users\User\Documents\Azaa_1\TURSHILT\8bit.c
    7     0   0  C:\Users\User\Documents\Azaa_1\TURSHILT\8bit.h
  286     0   0  C:\Program Files (x86)\PICC\devices\18F452.h
----- -----
 1034   372 Total

Page ROM  %  RAM  Functions:
---- --- --- ---  ----------
0     46   1   1  @delay_ms1
0     76   2   0  RDA_isr
0     40   1   0  start_signal
0     72   1   1  check_response
0    234   5   4  Read_Data
0   1672  34   3  main
0     90   2   5  @DIV1616
0     52   1   3  @DIV88

 Segment   Used  Free
---------  ----  ----
00000-00002     4  0
00004-00006     0  4
00008-00096   144  0
00098-07FFE  2282  30334

